SF:lib/data/favourites.dart
DA:7,4
DA:9,1
DA:10,2
DA:11,1
DA:14,1
DA:15,2
DA:16,1
LF:7
LH:7
end_of_record
SF:lib/views/home.dart
DA:9,1
DA:11,1
DA:13,1
DA:14,1
DA:16,1
DA:17,1
DA:18,0
DA:19,0
DA:26,1
DA:30,2
LF:10
LH:8
end_of_record
SF:lib/views/favourites_page.dart
DA:7,0
DA:11,0
DA:13,0
DA:14,0
DA:17,0
DA:18,0
DA:19,0
DA:21,0
LF:8
LH:0
end_of_record
SF:lib/views/single_favourite.dart
DA:8,0
DA:12,0
DA:14,0
DA:16,0
DA:17,0
DA:18,0
DA:20,0
DA:21,0
DA:22,0
DA:24,0
DA:25,0
DA:27,0
DA:28,0
DA:29,0
LF:14
LH:0
end_of_record
SF:lib/views/single_item.dart
DA:9,1
DA:11,1
DA:13,1
DA:14,1
DA:15,1
DA:17,1
DA:18,1
DA:19,2
DA:23,1
DA:24,3
DA:25,3
DA:27,1
DA:28,3
DA:29,3
DA:32,0
DA:33,0
DA:34,0
DA:35,0
DA:36,0
DA:37,0
DA:38,0
LF:21
LH:14
end_of_record
